<?xml version="1.0" encoding="UTF-8"?>
<robot generator="Robot 4.0 (Python 3.9.0 on darwin)" generated="20220419 11:32:53.288" rpa="false" schemaversion="2">
<suite id="s1" name="Automated" source="/Users/nathakrit/Documents/automated">
<suite id="s1-s1" name="Test Keyword" source="/Users/nathakrit/Documents/automated/test_keyword.robot">
<test id="s1-s1-t1" name="Search google by click">
<kw name="Open Browser" library="SeleniumLibrary">
<arg>https://www.google.com</arg>
<arg>gc</arg>
<doc>Opens a new browser instance to the optional ``url``.</doc>
<msg timestamp="20220419 11:32:53.706" level="INFO">Opening browser 'gc' to base url 'https://www.google.com'.</msg>
<status status="PASS" starttime="20220419 11:32:53.706" endtime="20220419 11:33:06.222"/>
</kw>
<kw name="Input Text" library="SeleniumLibrary">
<arg>name=q</arg>
<arg>robot framework</arg>
<doc>Types the given ``text`` into the text field identified by ``locator``.</doc>
<msg timestamp="20220419 11:33:06.224" level="INFO">Typing text 'robot framework' into text field 'name=q'.</msg>
<status status="PASS" starttime="20220419 11:33:06.222" endtime="20220419 11:33:06.340"/>
</kw>
<kw name="Click Element" library="SeleniumLibrary">
<arg>//*[@class="L3eUgb"]</arg>
<doc>Click the element identified by ``locator``.</doc>
<msg timestamp="20220419 11:33:06.341" level="INFO">Clicking element '//*[@class="L3eUgb"]'.</msg>
<status status="PASS" starttime="20220419 11:33:06.341" endtime="20220419 11:33:06.402"/>
</kw>
<kw name="Click Element" library="SeleniumLibrary">
<arg>//*[@class="CqAVzb lJ9FBc"]//*[@name="btnK"]</arg>
<doc>Click the element identified by ``locator``.</doc>
<msg timestamp="20220419 11:33:06.403" level="INFO">Clicking element '//*[@class="CqAVzb lJ9FBc"]//*[@name="btnK"]'.</msg>
<kw name="Capture Page Screenshot" library="SeleniumLibrary">
<doc>Takes a screenshot of the current page and embeds it into a log file.</doc>
<msg timestamp="20220419 11:33:06.552" level="INFO" html="true">&lt;/td&gt;&lt;/tr&gt;&lt;tr&gt;&lt;td colspan="3"&gt;&lt;a href="selenium-screenshot-16.png"&gt;&lt;img src="selenium-screenshot-16.png" width="800px"&gt;&lt;/a&gt;</msg>
<status status="PASS" starttime="20220419 11:33:06.427" endtime="20220419 11:33:06.553"/>
</kw>
<msg timestamp="20220419 11:33:06.559" level="FAIL">ElementNotInteractableException: Message: element not interactable
  (Session info: chrome=100.0.4896.127)
Stacktrace:
0   chromedriver                        0x000000010ca723d9 chromedriver + 5104601
1   chromedriver                        0x000000010ca02bf3 chromedriver + 4647923
2   chromedriver                        0x000000010c5f39ff chromedriver + 391679
3   chromedriver                        0x000000010c629ed7 chromedriver + 614103
4   chromedriver                        0x000000010c61dd79 chromedriver + 564601
5   chromedriver                        0x000000010c6466c2 chromedriver + 730818
6   chromedriver                        0x000000010c61d635 chromedriver + 562741
7   chromedriver                        0x000000010c6467ce chromedriver + 731086
8   chromedriver                        0x000000010c659091 chromedriver + 807057
9   chromedriver                        0x000000010c6465b3 chromedriver + 730547
10  chromedriver                        0x000000010c61c139 chromedriver + 557369
11  chromedriver                        0x000000010c61d165 chromedriver + 561509
12  chromedriver                        0x000000010ca3139d chromedriver + 4838301
13  chromedriver                        0x000000010ca49cde chromedriver + 4938974
14  chromedriver                        0x000000010ca4eb5e chromedriver + 4959070
15  chromedriver                        0x000000010ca4a94a chromedriver + 4942154
16  chromedriver                        0x000000010ca2633c chromedriver + 4793148
17  chromedriver                        0x000000010ca643b8 chromedriver + 5047224
18  chromedriver                        0x000000010ca6453f chromedriver + 5047615
19  chromedriver                        0x000000010ca79705 chromedriver + 5134085
20  libsystem_pthread.dylib             0x00007fff2046a8fc _pthread_start + 224
21  libsystem_pthread.dylib             0x00007fff20466443 thread_start + 15
</msg>
<status status="FAIL" starttime="20220419 11:33:06.403" endtime="20220419 11:33:06.561"/>
</kw>
<tag>tt1</tag>
<status status="FAIL" starttime="20220419 11:32:53.705" endtime="20220419 11:33:06.561">ElementNotInteractableException: Message: element not interactable
  (Session info: chrome=100.0.4896.127)
Stacktrace:
0   chromedriver                        0x000000010ca723d9 chromedriver + 5104601
1   chromedriver                        0x000000010ca02bf3 chromedriver + 4647923
2   chromedriver                        0x000000010c5f39ff chromedriver + 391679
3   chromedriver                        0x000000010c629ed7 chromedriver + 614103
4   chromedriver                        0x000000010c61dd79 chromedriver + 564601
5   chromedriver                        0x000000010c6466c2 chromedriver + 730818
6   chromedriver                        0x000000010c61d635 chromedriver + 562741
7   chromedriver                        0x000000010c6467ce chromedriver + 731086
8   chromedriver                        0x000000010c659091 chromedriver + 8...
    [ Message content over the limit has been removed. ]
...hromedriver                        0x000000010c61d165 chromedriver + 561509
12  chromedriver                        0x000000010ca3139d chromedriver + 4838301
13  chromedriver                        0x000000010ca49cde chromedriver + 4938974
14  chromedriver                        0x000000010ca4eb5e chromedriver + 4959070
15  chromedriver                        0x000000010ca4a94a chromedriver + 4942154
16  chromedriver                        0x000000010ca2633c chromedriver + 4793148
17  chromedriver                        0x000000010ca643b8 chromedriver + 5047224
18  chromedriver                        0x000000010ca6453f chromedriver + 5047615
19  chromedriver                        0x000000010ca79705 chromedriver + 5134085
20  libsystem_pthread.dylib             0x00007fff2046a8fc _pthread_start + 224
21  libsystem_pthread.dylib             0x00007fff20466443 thread_start + 15</status>
</test>
<kw name="Close Window" library="SeleniumLibrary" type="TEARDOWN">
<doc>Closes currently opened and selected browser window/tab.</doc>
<status status="PASS" starttime="20220419 11:33:06.563" endtime="20220419 11:33:06.684"/>
</kw>
<status status="FAIL" starttime="20220419 11:32:53.321" endtime="20220419 11:33:06.685"/>
</suite>
<status status="FAIL" starttime="20220419 11:32:53.293" endtime="20220419 11:33:06.689"/>
</suite>
<statistics>
<total>
<stat pass="0" fail="1" skip="0">All Tests</stat>
</total>
<tag>
<stat pass="0" fail="1" skip="0">tt1</stat>
</tag>
<suite>
<stat pass="0" fail="1" skip="0" id="s1" name="Automated">Automated</stat>
<stat pass="0" fail="1" skip="0" id="s1-s1" name="Test Keyword">Automated.Test Keyword</stat>
</suite>
</statistics>
<errors>
<msg timestamp="20220419 11:32:53.702" level="ERROR">Error in file '/Users/nathakrit/Documents/automated/test_keyword.robot' on line 10: Setting variable '${is_True}' failed: Recursive variable definition.</msg>
</errors>
</robot>
